/*C32*/SET SCHEMA PUBLIC
CREATE TABLE IF NOT EXISTS Punishments (id INTEGER IDENTITY PRIMARY KEY,name VARCHAR(16),uuid VARCHAR(35),reason VARCHAR(100),operator VARCHAR(16),punishmentType VARCHAR(16),start BIGINT,end BIGINT,calculation VARCHAR(50))
CREATE TABLE IF NOT EXISTS PunishmentHistory (id INTEGER IDENTITY PRIMARY KEY,name VARCHAR(16),uuid VARCHAR(35),reason VARCHAR(100),operator VARCHAR(16),punishmentType VARCHAR(16),start BIGINT,end BIGINT,calculation VARCHAR(50))
INSERT INTO PUNISHMENTHISTORY VALUES(13,'miwi','miwi','Check Revolt for details!','CONSOLE','TEMP_BAN',1705515588697,1706120388695,'')
COMMIT
INSERT INTO PUNISHMENTS VALUES(8,'miwi','miwi','Check Revolt for details!','CONSOLE','TEMP_BAN',1705515588697,1706120388695,'')
COMMIT
/*C40*/SET SCHEMA PUBLIC
DISCONNECT
/*C41*/SET SCHEMA PUBLIC
DISCONNECT
/*C37*/SET SCHEMA PUBLIC
DISCONNECT
/*C33*/SET SCHEMA PUBLIC
DISCONNECT
/*C34*/SET SCHEMA PUBLIC
DISCONNECT
/*C38*/SET SCHEMA PUBLIC
DISCONNECT
/*C32*/DISCONNECT
/*C36*/SET SCHEMA PUBLIC
DISCONNECT
/*C39*/SET SCHEMA PUBLIC
DISCONNECT
/*C35*/SET SCHEMA PUBLIC
DISCONNECT
/*C44*/SET SCHEMA PUBLIC
DISCONNECT
/*C43*/SET SCHEMA PUBLIC
DISCONNECT
/*C47*/SET SCHEMA PUBLIC
DISCONNECT
/*C42*/SET SCHEMA PUBLIC
DISCONNECT
/*C51*/SET SCHEMA PUBLIC
DISCONNECT
/*C49*/SET SCHEMA PUBLIC
DISCONNECT
/*C50*/SET SCHEMA PUBLIC
DISCONNECT
/*C45*/SET SCHEMA PUBLIC
DISCONNECT
/*C46*/SET SCHEMA PUBLIC
DISCONNECT
/*C48*/SET SCHEMA PUBLIC
DISCONNECT
