[2024-01-10 12:40:10] [INFO]:
Spectator UUID: 2cd59c51-67c2-3336-bb19-566d723b0085
Spectator Name: bluecherry_
Taken         : [FIREWORK_CHARGE & FIREWORK_EFFECT_META:{meta-type=FIREWORK_EFFECT, display-name=§eFrag Grenade§e, lore=[§eExplodes three seconds after launch.]} x 1, IRON_BARDING & UNSPECIFIC_META:{meta-type=UNSPECIFIC, display-name=§eDesert Eagle§e «7 | 7», lore=[§eDual pistols., §eLeft/right click to shoot., §eShoot enemies in the back, §efor bonus backstab damage.]} x 1]
Given         : []
Target        : miwi
[2024-01-10 12:40:45] [INFO]:
Spectator UUID: 2cd59c51-67c2-3336-bb19-566d723b0085
Spectator Name: bluecherry_
Taken         : []
Given         : [DIAMOND_CHESTPLATE & UNSPECIFIC_META:{meta-type=UNSPECIFIC, display-name=Wish.com Body Armor, lore=[NIJ Level... what? 45?!], internal=H4sIAAAAAAAA/+NiYOBkEHIsKSnKTCotSfXNT8lMy0wtKuZiYGBgZGbgCA31dPHNLy5hYPTbyczACeL6pCYC+UwmU5gZ2Bxz80vzSv7///+Ng4ElOCe/hIE1OSO1uISDgRdupl9ibiqDYHpqXmpRZrJebmKFR2piTkkG0DT/gtSixJLM/DygZQxAA3CoZGAAANTYuMGmAAAA} x 1]
Target        : miwi
[2024-01-10 12:40:45] [INFO]:
Spectator UUID: 2cd59c51-67c2-3336-bb19-566d723b0085
Spectator Name: bluecherry_
Taken         : []
Given         : [DIAMOND_CHESTPLATE & UNSPECIFIC_META:{meta-type=UNSPECIFIC, display-name=Wish.com Body Armor, lore=[NIJ Level... what? 45?!], internal=H4sIAAAAAAAA/+NiYOBkEHIsKSnKTCotSfXNT8lMy0wtKuZiYGBgZGbgCA31dPHNLy5hYPTbyczACeL6pCYC+UwmU5gZ2Bxz80vzSv7///+Ng4ElOCe/hIE1OSO1uISDgRdupl9ibiqDYHpqXmpRZrJebmKFR2piTkkG0DT/gtSixJLM/DygZQxAA3CoZGAAANTYuMGmAAAA} x 1]
Target        : miwi
[2024-01-10 12:42:20] [INFO]:
Spectator UUID: 2cd59c51-67c2-3336-bb19-566d723b0085
Spectator Name: bluecherry_
Taken         : []
Given         : [DIAMOND_CHESTPLATE & UNSPECIFIC_META:{meta-type=UNSPECIFIC, display-name=Wish.com Body Armor, lore=[NIJ Level... what? 45?!], internal=H4sIAAAAAAAA/+NiYOBkEHIsKSnKTCotSfXNT8lMy0wtKuZiYGBgZGbgCA31dPHNLy5hYPTbyczACeL6pCYC+UwmU5gZ2Bxz80vzSv7///+Ng4ElOCe/hIE1OSO1uISDgRdupl9ibiqDYHpqXmpRZrJebmKFR2piTkkG0DT/gtSixJLM/DygZQxAA3CoZGAAANTYuMGmAAAA} x 1]
Target        : miwi
[2024-01-10 12:42:20] [INFO]:
Spectator UUID: 2cd59c51-67c2-3336-bb19-566d723b0085
Spectator Name: bluecherry_
Taken         : []
Given         : [DIAMOND_CHESTPLATE & UNSPECIFIC_META:{meta-type=UNSPECIFIC, display-name=Wish.com Body Armor, lore=[NIJ Level... what? 45?!], internal=H4sIAAAAAAAA/+NiYOBkEHIsKSnKTCotSfXNT8lMy0wtKuZiYGBgZGbgCA31dPHNLy5hYPTbyczACeL6pCYC+UwmU5gZ2Bxz80vzSv7///+Ng4ElOCe/hIE1OSO1uISDgRdupl9ibiqDYHpqXmpRZrJebmKFR2piTkkG0DT/gtSixJLM/DygZQxAA3CoZGAAANTYuMGmAAAA} x 1]
Target        : miwi
[2024-01-10 12:42:20] [INFO]:
Spectator UUID: 2cd59c51-67c2-3336-bb19-566d723b0085
Spectator Name: bluecherry_
Taken         : []
Given         : [DIAMOND_CHESTPLATE & UNSPECIFIC_META:{meta-type=UNSPECIFIC, display-name=Wish.com Body Armor, lore=[NIJ Level... what? 45?!], internal=H4sIAAAAAAAA/+NiYOBkEHIsKSnKTCotSfXNT8lMy0wtKuZiYGBgZGbgCA31dPHNLy5hYPTbyczACeL6pCYC+UwmU5gZ2Bxz80vzSv7///+Ng4ElOCe/hIE1OSO1uISDgRdupl9ibiqDYHpqXmpRZrJebmKFR2piTkkG0DT/gtSixJLM/DygZQxAA3CoZGAAANTYuMGmAAAA} x 1]
Target        : miwi
[2024-01-10 12:43:11] [INFO]:
Spectator UUID: 2cd59c51-67c2-3336-bb19-566d723b0085
Spectator Name: bluecherry_
Taken         : [IRON_BARDING & UNSPECIFIC_META:{meta-type=UNSPECIFIC, display-name=§eDesert Eagle§e «0 | 0»ᴿ, lore=[§eDual pistols., §eLeft/right click to shoot., §eShoot enemies in the back, §efor bonus backstab damage.]} x 1]
Given         : []
Target        : miwi
[2024-01-10 12:43:11] [INFO]:
Spectator UUID: 2cd59c51-67c2-3336-bb19-566d723b0085
Spectator Name: bluecherry_
Taken         : [IRON_BARDING & UNSPECIFIC_META:{meta-type=UNSPECIFIC, display-name=§eDesert Eagle§e «0 | 0»ᴿ, lore=[§eDual pistols., §eLeft/right click to shoot., §eShoot enemies in the back, §efor bonus backstab damage.]} x 1]
Given         : []
Target        : miwi
[2024-01-10 12:43:11] [INFO]:
Spectator UUID: 2cd59c51-67c2-3336-bb19-566d723b0085
Spectator Name: bluecherry_
Taken         : [IRON_BARDING & UNSPECIFIC_META:{meta-type=UNSPECIFIC, display-name=§eDesert Eagle§e «0 | 0»ᴿ, lore=[§eDual pistols., §eLeft/right click to shoot., §eShoot enemies in the back, §efor bonus backstab damage.]} x 1]
Given         : []
Target        : miwi
[2024-01-10 12:43:11] [INFO]:
Spectator UUID: 2cd59c51-67c2-3336-bb19-566d723b0085
Spectator Name: bluecherry_
Taken         : [IRON_BARDING & UNSPECIFIC_META:{meta-type=UNSPECIFIC, display-name=§eDesert Eagle§e «0 | 0»ᴿ, lore=[§eDual pistols., §eLeft/right click to shoot., §eShoot enemies in the back, §efor bonus backstab damage.]} x 1]
Given         : []
Target        : miwi
[2024-01-10 12:43:27] [INFO]:
Spectator UUID: 2cd59c51-67c2-3336-bb19-566d723b0085
Spectator Name: bluecherry_
Taken         : [IRON_BARDING & UNSPECIFIC_META:{meta-type=UNSPECIFIC, display-name=§eAK-47§e ▪ «30», lore=[§eFully automatic with high power., §eEffective at medium range., §eControls are inverted.]} x 1]
Given         : []
Target        : miwi
[2024-01-10 12:43:27] [INFO]:
Spectator UUID: 2cd59c51-67c2-3336-bb19-566d723b0085
Spectator Name: bluecherry_
Taken         : [IRON_BARDING & UNSPECIFIC_META:{meta-type=UNSPECIFIC, display-name=§eAK-47§e ▪ «30», lore=[§eFully automatic with high power., §eEffective at medium range., §eControls are inverted.]} x 1]
Given         : []
Target        : miwi
[2024-01-10 12:43:27] [INFO]:
Spectator UUID: 2cd59c51-67c2-3336-bb19-566d723b0085
Spectator Name: bluecherry_
Taken         : [IRON_BARDING & UNSPECIFIC_META:{meta-type=UNSPECIFIC, display-name=§eAK-47§e ▪ «30», lore=[§eFully automatic with high power., §eEffective at medium range., §eControls are inverted.]} x 1]
Given         : []
Target        : miwi
[2024-01-10 12:43:27] [INFO]:
Spectator UUID: 2cd59c51-67c2-3336-bb19-566d723b0085
Spectator Name: bluecherry_
Taken         : [IRON_BARDING & UNSPECIFIC_META:{meta-type=UNSPECIFIC, display-name=§eAK-47§e ▪ «30», lore=[§eFully automatic with high power., §eEffective at medium range., §eControls are inverted.]} x 1]
Given         : []
Target        : miwi
[2024-01-10 12:43:27] [INFO]:
Spectator UUID: 2cd59c51-67c2-3336-bb19-566d723b0085
Spectator Name: bluecherry_
Taken         : [IRON_BARDING & UNSPECIFIC_META:{meta-type=UNSPECIFIC, display-name=§eAK-47§e ▪ «30», lore=[§eFully automatic with high power., §eEffective at medium range., §eControls are inverted.]} x 1]
Given         : []
Target        : miwi
[2024-01-10 12:52:31] [INFO]:
Spectator UUID: 2cd59c51-67c2-3336-bb19-566d723b0085
Spectator Name: bluecherry_
Taken         : [DIAMOND_CHESTPLATE & UNSPECIFIC_META:{meta-type=UNSPECIFIC, display-name=Level IV Body Armor, lore=[NIJ Level IV Body Armor.], enchants={PROTECTION_PROJECTILE=10}, internal=H4sIAAAAAAAA/3XMsQrCMBRG4b+kSlpwqPgcvkPBQaHVQTo6xHptLzSJJLfgW/sKpoub44HDVwIFtrVI4Pss1PoHP5lCLAFkCrrrTofWR0FGlUKxZENm6c9NYV1bPztJ704jv05esOpHiqKx+ZlnYwnVQI4C93tr3kcyk4xJu7woGGHvEoAE/DmBL7guPP6mAAAA} x 1, IRON_HELMET x 1, IRON_BOOTS x 1, IRON_LEGGINGS x 1]
Given         : [DIAMOND_CHESTPLATE & UNSPECIFIC_META:{meta-type=UNSPECIFIC, display-name=Level IV Body Armor, lore=[NIJ Level IV Body Armor.], enchants={PROTECTION_PROJECTILE=5}, internal=H4sIAAAAAAAA/3XMsQrCMBRG4b+kSlpwqPgcvkPBQaHVQTo6xHptLzSJJLfgW/sKpoub44HDVwIFtrVI4Pss1PoHP5lCLAFkCrrrTofWR0FGlUKxZENm6c9NYV1bPztJ704jv05esOpHiqKx+ZlnYwnVQI4C93tr3kcyk4xJu7woGGHvEoAE/DmBL7guPP6mAAAA} x 1]
Target        : miwi
[2024-01-10 12:52:31] [INFO]:
Spectator UUID: 2cd59c51-67c2-3336-bb19-566d723b0085
Spectator Name: bluecherry_
Taken         : [DIAMOND_CHESTPLATE & UNSPECIFIC_META:{meta-type=UNSPECIFIC, display-name=Level IV Body Armor, lore=[NIJ Level IV Body Armor.], enchants={PROTECTION_PROJECTILE=10}, internal=H4sIAAAAAAAA/3XMsQrCMBRG4b+kSlpwqPgcvkPBQaHVQTo6xHptLzSJJLfgW/sKpoub44HDVwIFtrVI4Pss1PoHP5lCLAFkCrrrTofWR0FGlUKxZENm6c9NYV1bPztJ704jv05esOpHiqKx+ZlnYwnVQI4C93tr3kcyk4xJu7woGGHvEoAE/DmBL7guPP6mAAAA} x 1, IRON_HELMET x 1, IRON_BOOTS x 1, IRON_LEGGINGS x 1]
Given         : [DIAMOND_CHESTPLATE & UNSPECIFIC_META:{meta-type=UNSPECIFIC, display-name=Level IV Body Armor, lore=[NIJ Level IV Body Armor.], enchants={PROTECTION_PROJECTILE=5}, internal=H4sIAAAAAAAA/3XMsQrCMBRG4b+kSlpwqPgcvkPBQaHVQTo6xHptLzSJJLfgW/sKpoub44HDVwIFtrVI4Pss1PoHP5lCLAFkCrrrTofWR0FGlUKxZENm6c9NYV1bPztJ704jv05esOpHiqKx+ZlnYwnVQI4C93tr3kcyk4xJu7woGGHvEoAE/DmBL7guPP6mAAAA} x 1]
Target        : miwi
[2024-01-10 12:52:31] [INFO]:
Spectator UUID: 2cd59c51-67c2-3336-bb19-566d723b0085
Spectator Name: bluecherry_
Taken         : [DIAMOND_CHESTPLATE & UNSPECIFIC_META:{meta-type=UNSPECIFIC, display-name=Level IV Body Armor, lore=[NIJ Level IV Body Armor.], enchants={PROTECTION_PROJECTILE=10}, internal=H4sIAAAAAAAA/3XMsQrCMBRG4b+kSlpwqPgcvkPBQaHVQTo6xHptLzSJJLfgW/sKpoub44HDVwIFtrVI4Pss1PoHP5lCLAFkCrrrTofWR0FGlUKxZENm6c9NYV1bPztJ704jv05esOpHiqKx+ZlnYwnVQI4C93tr3kcyk4xJu7woGGHvEoAE/DmBL7guPP6mAAAA} x 1, IRON_HELMET x 1, IRON_BOOTS x 1, IRON_LEGGINGS x 1]
Given         : [DIAMOND_CHESTPLATE & UNSPECIFIC_META:{meta-type=UNSPECIFIC, display-name=Level IV Body Armor, lore=[NIJ Level IV Body Armor.], enchants={PROTECTION_PROJECTILE=5}, internal=H4sIAAAAAAAA/3XMsQrCMBRG4b+kSlpwqPgcvkPBQaHVQTo6xHptLzSJJLfgW/sKpoub44HDVwIFtrVI4Pss1PoHP5lCLAFkCrrrTofWR0FGlUKxZENm6c9NYV1bPztJ704jv05esOpHiqKx+ZlnYwnVQI4C93tr3kcyk4xJu7woGGHvEoAE/DmBL7guPP6mAAAA} x 1]
Target        : miwi
[2024-01-10 12:52:31] [INFO]:
Spectator UUID: 2cd59c51-67c2-3336-bb19-566d723b0085
Spectator Name: bluecherry_
Taken         : [DIAMOND_CHESTPLATE & UNSPECIFIC_META:{meta-type=UNSPECIFIC, display-name=Level IV Body Armor, lore=[NIJ Level IV Body Armor.], enchants={PROTECTION_PROJECTILE=10}, internal=H4sIAAAAAAAA/3XMsQrCMBRG4b+kSlpwqPgcvkPBQaHVQTo6xHptLzSJJLfgW/sKpoub44HDVwIFtrVI4Pss1PoHP5lCLAFkCrrrTofWR0FGlUKxZENm6c9NYV1bPztJ704jv05esOpHiqKx+ZlnYwnVQI4C93tr3kcyk4xJu7woGGHvEoAE/DmBL7guPP6mAAAA} x 1, IRON_HELMET x 1, IRON_BOOTS x 1, IRON_LEGGINGS x 1]
Given         : [DIAMOND_CHESTPLATE & UNSPECIFIC_META:{meta-type=UNSPECIFIC, display-name=Level IV Body Armor, lore=[NIJ Level IV Body Armor.], enchants={PROTECTION_PROJECTILE=5}, internal=H4sIAAAAAAAA/3XMsQrCMBRG4b+kSlpwqPgcvkPBQaHVQTo6xHptLzSJJLfgW/sKpoub44HDVwIFtrVI4Pss1PoHP5lCLAFkCrrrTofWR0FGlUKxZENm6c9NYV1bPztJ704jv05esOpHiqKx+ZlnYwnVQI4C93tr3kcyk4xJu7woGGHvEoAE/DmBL7guPP6mAAAA} x 1]
Target        : miwi
[2024-01-10 12:53:38] [INFO]:
Spectator UUID: 2cd59c51-67c2-3336-bb19-566d723b0085
Spectator Name: bluecherry_
Taken         : [DIAMOND_CHESTPLATE & UNSPECIFIC_META:{meta-type=UNSPECIFIC, display-name=Level IV Body Armor, lore=[NIJ Level IV Body Armor.], enchants={PROTECTION_PROJECTILE=5}, internal=H4sIAAAAAAAA/3XMsQrCMBRG4b+kSlpwqPgcvkPBQaHVQTo6xHptLzSJJLfgW/sKpoub44HDVwIFtrVI4Pss1PoHP5lCLAFkCrrrTofWR0FGlUKxZENm6c9NYV1bPztJ704jv05esOpHiqKx+ZlnYwnVQI4C93tr3kcyk4xJu7woGGHvEoAE/DmBL7guPP6mAAAA} x 1]
Given         : [DIAMOND_CHESTPLATE & UNSPECIFIC_META:{meta-type=UNSPECIFIC, display-name=Level IV Body Armor, lore=[NIJ Level IV Body Armor.], internal=H4sIAAAAAAAA/3XMsQrCMBRG4b+kSlpwqPgcvkPBQaHVQTo6xHptLzSJJLfgW/sKpoub44HDVwIFtrVI4Pss1PoHP5lCLAFkCrrrTofWR0FGlUKxZENm6c9NYV1bPztJ704jv05esOpHiqKx+ZlnYwnVQI4C93tr3kcyk4xJu7woGGHvEoAE/DmBL7guPP6mAAAA} x 1]
Target        : miwi
[2024-01-10 15:37:43] [INFO]:
Spectator UUID: 2cd59c51-67c2-3336-bb19-566d723b0085
Spectator Name: bluecherry_
Taken         : []
Given         : [IRON_BARDING & UNSPECIFIC_META:{meta-type=UNSPECIFIC, display-name=§eAK-47§e ▪ «30», lore=[§eFully automatic with high power., §eEffective at medium range., §eControls are inverted.]} x 1]
Target        : miwi
[2024-01-10 15:37:49] [INFO]:
Spectator UUID: 2cd59c51-67c2-3336-bb19-566d723b0085
Spectator Name: bluecherry_
Taken         : []
Given         : [IRON_BARDING & UNSPECIFIC_META:{meta-type=UNSPECIFIC, display-name=§eAK-47§e ▪ «30», lore=[§eFully automatic with high power., §eEffective at medium range., §eControls are inverted.]} x 1]
Target        : Stove16
[2024-01-10 15:37:49] [INFO]:
Spectator UUID: 2cd59c51-67c2-3336-bb19-566d723b0085
Spectator Name: bluecherry_
Taken         : []
Given         : [IRON_BARDING & UNSPECIFIC_META:{meta-type=UNSPECIFIC, display-name=§eAK-47§e ▪ «30», lore=[§eFully automatic with high power., §eEffective at medium range., §eControls are inverted.]} x 1]
Target        : Stove16
[2024-01-10 15:38:31] [INFO]:
Spectator UUID: 2cd59c51-67c2-3336-bb19-566d723b0085
Spectator Name: bluecherry_
Taken         : []
Given         : [IRON_BARDING & UNSPECIFIC_META:{meta-type=UNSPECIFIC, display-name=§eAK-47§e ▪ «30», lore=[§eFully automatic with high power., §eEffective at medium range., §eControls are inverted.]} x 1]
Target        : The_boi_noodle
[2024-01-10 15:38:53] [INFO]:
Spectator UUID: 2cd59c51-67c2-3336-bb19-566d723b0085
Spectator Name: bluecherry_
Taken         : []
Given         : [IRON_BARDING & UNSPECIFIC_META:{meta-type=UNSPECIFIC, display-name=§eAK-47§e ▪ «30», lore=[§eFully automatic with high power., §eEffective at medium range., §eControls are inverted.]} x 1]
Target        : Arkaeriit
[2024-01-10 15:38:53] [INFO]:
Spectator UUID: 2cd59c51-67c2-3336-bb19-566d723b0085
Spectator Name: bluecherry_
Taken         : []
Given         : [IRON_BARDING & UNSPECIFIC_META:{meta-type=UNSPECIFIC, display-name=§eAK-47§e ▪ «30», lore=[§eFully automatic with high power., §eEffective at medium range., §eControls are inverted.]} x 1]
Target        : Arkaeriit
[2024-01-10 15:39:06] [INFO]:
Spectator UUID: 2cd59c51-67c2-3336-bb19-566d723b0085
Spectator Name: bluecherry_
Taken         : []
Given         : [IRON_BARDING & UNSPECIFIC_META:{meta-type=UNSPECIFIC, display-name=§eAK-47§e ▪ «30», lore=[§eFully automatic with high power., §eEffective at medium range., §eControls are inverted.]} x 1]
Target        : NishTheFish
[2024-01-10 15:39:06] [INFO]:
Spectator UUID: 2cd59c51-67c2-3336-bb19-566d723b0085
Spectator Name: bluecherry_
Taken         : []
Given         : [IRON_BARDING & UNSPECIFIC_META:{meta-type=UNSPECIFIC, display-name=§eAK-47§e ▪ «30», lore=[§eFully automatic with high power., §eEffective at medium range., §eControls are inverted.]} x 1]
Target        : NishTheFish
[2024-01-10 15:39:06] [INFO]:
Spectator UUID: 2cd59c51-67c2-3336-bb19-566d723b0085
Spectator Name: bluecherry_
Taken         : []
Given         : [IRON_BARDING & UNSPECIFIC_META:{meta-type=UNSPECIFIC, display-name=§eAK-47§e ▪ «30», lore=[§eFully automatic with high power., §eEffective at medium range., §eControls are inverted.]} x 1]
Target        : NishTheFish
[2024-01-10 17:41:54] [INFO]:
Spectator UUID: 2cd59c51-67c2-3336-bb19-566d723b0085
Spectator Name: bluecherry_
Taken         : [IRON_BARDING & UNSPECIFIC_META:{meta-type=UNSPECIFIC, display-name=§eM249 SAW§e ▪ «300», lore=[§e'MURICA]} x 1, IRON_BARDING & UNSPECIFIC_META:{meta-type=UNSPECIFIC, display-name=§eM4A1 Carbine§e ▪ «30», lore=[§eThe best commie-killer around!, §eSpray bullets at your enemy.]} x 1, IRON_BARDING & UNSPECIFIC_META:{meta-type=UNSPECIFIC, display-name=§eDesert Eagle§e «7 | 7», lore=[§eDual pistols., §eLeft/right click to shoot., §eShoot enemies in the back, §efor bonus backstab damage.]} x 1, REDSTONE_TORCH_ON & UNSPECIFIC_META:{meta-type=UNSPECIFIC, display-name=§eHarrier Strike§e, lore=[§eCalls in an airstrike at the, §eposition of the thrown flare.]} x 15, IRON_SWORD & UNSPECIFIC_META:{meta-type=UNSPECIFIC, display-name=§eRiot Shield§e, lore=[§eBlocks all melee and ranged attacks., §eIneffective against attacks from behind.]} x 1]
Given         : []
Target        : miwi
[2024-01-12 15:33:29] [INFO]:
Spectator UUID: 2cd59c51-67c2-3336-bb19-566d723b0085
Spectator Name: bluecherry_
Taken         : [DIAMOND_CHESTPLATE & UNSPECIFIC_META:{meta-type=UNSPECIFIC, display-name=Level III+ Body Armor, lore=[NIJ Level III+ Body Armor.], enchants={PROTECTION_PROJECTILE=2}, internal=H4sIAAAAAAAA/3XMQQrCMBBG4b9GJS24sAfxDgUXCq0upAeIdbQDTWKTKbjxPp7NUxg37lw+eHwFkKOsRAKfJ6HGX/jKFGIBIFPQbbvfNj4KsvGtkH+zJpN69noqLCvrJyfpLTXmp8ELFl1PUTRWP/NgLGF9I0eBu401jx2ZQfqkHe8UjLB3CUAC/pzAB7Txa7qmAAAA} x 2, IRON_BARDING & UNSPECIFIC_META:{meta-type=UNSPECIFIC, display-name=§eAK-47§e ▪ «30», lore=[§eFully automatic with high power., §eEffective at medium range., §eControls are inverted.]} x 2, IRON_SWORD & UNSPECIFIC_META:{meta-type=UNSPECIFIC, display-name=§eRiot Shield§e, lore=[§eBlocks all melee and ranged attacks., §eIneffective against attacks from behind.]} x 2, CHEST x 7, IRON_BARDING & UNSPECIFIC_META:{meta-type=UNSPECIFIC, display-name=§eDesert Eagle§e «7 | 7», lore=[§eDual pistols., §eLeft/right click to shoot., §eShoot enemies in the back, §efor bonus backstab damage.]} x 6, IRON_BARDING & UNSPECIFIC_META:{meta-type=UNSPECIFIC, display-name=§eM4A1 Carbine§e ▪ «12», lore=[§eThe best commie-killer around!, §eSpray bullets at your enemy.]} x 1, IRON_BARDING & UNSPECIFIC_META:{meta-type=UNSPECIFIC, display-name=§eM249 SAW§e ▪ «152», lore=[§e'MURICA]} x 1, DIAMOND_CHESTPLATE & UNSPECIFIC_META:{meta-type=UNSPECIFIC, display-name=Level III Body Armor, lore=[NIJ Level III Body Armor.], enchants={PROTECTION_PROJECTILE=2}, internal=H4sIAAAAAAAA/3XMQQrCMBBG4b+kSloQ0Tu49Q5FFxWsLqQHGOtoA00iyRS8j2fwfqYbdy4fPL4SKLCuRIK5jsKNv5m74RBLAJmCbtvDvvFRkG12CsWUR6ap3x+FeWX96CS9S438MnjBrOs5isbiZ57IMlYPdhxMt7X0qpkG6ZN2fnIgMd4lAAn4cwJfTTWUJKYAAAA=} x 3, IRON_BARDING & UNSPECIFIC_META:{meta-type=UNSPECIFIC, display-name=§eM4A1 Carbine§e ▪ «30», lore=[§eThe best commie-killer around!, §eSpray bullets at your enemy.]} x 4, IRON_BARDING & UNSPECIFIC_META:{meta-type=UNSPECIFIC, display-name=§eDesert Eagle§e «3 | 7», lore=[§eDual pistols., §eLeft/right click to shoot., §eShoot enemies in the back, §efor bonus backstab damage.]} x 1, DIAMOND_CHESTPLATE & UNSPECIFIC_META:{meta-type=UNSPECIFIC, display-name=Level IIIA Body Armor, lore=[NIJ Level IIIA Body Armor.], enchants={PROTECTION_PROJECTILE=1}, internal=H4sIAAAAAAAA/3XMQQrCMBSE4SmpkgZc6M5LiFcouLBgdaE9wLM+baBJJHkFT+GZjRt3Ln9m+AxQYVWLRHudhNtws3fLMRkAhYLuumbXhiTAZatQffPAlLt4rxXmtQuTzyOMRnkeg2DWD5xEY/Ezj+QYywd7jrbfOHrtmUYZsnZ6ciSxwWcAGfjzBD7FWsijpgAAAA==} x 1, INK_SACK & UNSPECIFIC_META:{meta-type=UNSPECIFIC, display-name=§eCocoPops§e, lore=[§eA cluster bomb that releases, §e10 bomblets upon detonation.]} x 3, IRON_BARDING & UNSPECIFIC_META:{meta-type=UNSPECIFIC, display-name=§eDesert Eagle§e «7 | 0», lore=[§eDual pistols., §eLeft/right click to shoot., §eShoot enemies in the back, §efor bonus backstab damage.]} x 1, WORKBENCH x 1, DIAMOND & UNSPECIFIC_META:{meta-type=UNSPECIFIC, display-name=§eTrinket§e «?», lore=[§eLeft-click to set the owner., §eExplodes when:, §e- picked up, §e- shot out of a dispenser, §e- a chest containing this item is opened, §e- placed in an item frame, and nearby, §e ...pressure plates are stepped on., §e§oOwners cannot trigger their own traps.]} x 2, IRON_BARDING & UNSPECIFIC_META:{meta-type=UNSPECIFIC, display-name=§eAK-47§e ▪ «13», lore=[§eFully automatic with high power., §eEffective at medium range., §eControls are inverted.]} x 1, IRON_ORE x 4, REDSTONE_TORCH_ON & UNSPECIFIC_META:{meta-type=UNSPECIFIC, display-name=§eHarrier Strike§e, lore=[§eCalls in an airstrike at the, §eposition of the thrown flare.]} x 1, DIRT x 19, DIAMOND_CHESTPLATE & UNSPECIFIC_META:{meta-type=UNSPECIFIC, display-name=Level II Body Armor, lore=[NIJ Level II Body Armor.], enchants={PROTECTION_PROJECTILE=1}, internal=H4sIAAAAAAAA/+NiYOBkEHIsKSnKTCotSfXNT8lMy0wtKuZiYGBgZGbgCA31dPHNLy5hYFh0lZmBE8T1SU0E8hlvHmFmYHPMzS/NA0oysHIwsATn5JcwsCZnpBaXcDDwws30S8xNZRBMT81LLcpM1stNrPBITcwpyQCa5l+QWpRYkpmfBzSAAWgADpUMDABV5wJrpgAAAA==} x 1, IRON_BARDING & UNSPECIFIC_META:{meta-type=UNSPECIFIC, display-name=§eM4A1 Carbine§e ▪ «21», lore=[§eThe best commie-killer around!, §eSpray bullets at your enemy.]} x 1, IRON_BARDING & UNSPECIFIC_META:{meta-type=UNSPECIFIC, display-name=§eDesert Eagle§e «0 | 5», lore=[§eDual pistols., §eLeft/right click to shoot., §eShoot enemies in the back, §efor bonus backstab damage.]} x 1, LEVER & UNSPECIFIC_META:{meta-type=UNSPECIFIC, display-name=§eC4§e «2», lore=[§eRemote explosives., §eRight click to place., §eLeft click to detonate.]} x 2]
Given         : []
Target        : The_boi_noodle
[2024-01-12 15:34:39] [INFO]:
Spectator UUID: 2cd59c51-67c2-3336-bb19-566d723b0085
Spectator Name: bluecherry_
Taken         : []
Given         : [IRON_ORE x 4, DIRT x 19, DIAMOND_CHESTPLATE & UNSPECIFIC_META:{meta-type=UNSPECIFIC, display-name=Level II Body Armor, lore=[NIJ Level II Body Armor.], enchants={PROTECTION_PROJECTILE=1}, internal=H4sIAAAAAAAA/+NiYOBkEHIsKSnKTCotSfXNT8lMy0wtKuZiYGBgZGbgCA31dPHNLy5hYFh0lZmBE8T1SU0E8hlvHmFmYHPMzS/NA0oysHIwsATn5JcwsCZnpBaXcDDwws30S8xNZRBMT81LLcpM1stNrPBITcwpyQCa5l+QWpRYkpmfBzSAAWgADpUMDABV5wJrpgAAAA==} x 1, IRON_BARDING & UNSPECIFIC_META:{meta-type=UNSPECIFIC, display-name=§eM4A1 Carbine§e ▪ «21», lore=[§eThe best commie-killer around!, §eSpray bullets at your enemy.]} x 1, IRON_BARDING & UNSPECIFIC_META:{meta-type=UNSPECIFIC, display-name=§eDesert Eagle§e «7 | 7», lore=[§eDual pistols., §eLeft/right click to shoot., §eShoot enemies in the back, §efor bonus backstab damage.]} x 6, LEVER & UNSPECIFIC_META:{meta-type=UNSPECIFIC, display-name=§eC4§e «2», lore=[§eRemote explosives., §eRight click to place., §eLeft click to detonate.]} x 2, DIAMOND_CHESTPLATE & UNSPECIFIC_META:{meta-type=UNSPECIFIC, display-name=Level IIIA Body Armor, lore=[NIJ Level IIIA Body Armor.], enchants={PROTECTION_PROJECTILE=1}, internal=H4sIAAAAAAAA/3XMQQrCMBSE4SmpkgZc6M5LiFcouLBgdaE9wLM+baBJJHkFT+GZjRt3Ln9m+AxQYVWLRHudhNtws3fLMRkAhYLuumbXhiTAZatQffPAlLt4rxXmtQuTzyOMRnkeg2DWD5xEY/Ezj+QYywd7jrbfOHrtmUYZsnZ6ciSxwWcAGfjzBD7FWsijpgAAAA==} x 1, IRON_BARDING & UNSPECIFIC_META:{meta-type=UNSPECIFIC, display-name=§eDesert Eagle§e «0 | 5», lore=[§eDual pistols., §eLeft/right click to shoot., §eShoot enemies in the back, §efor bonus backstab damage.]} x 1, DIAMOND_CHESTPLATE & UNSPECIFIC_META:{meta-type=UNSPECIFIC, display-name=Level III Body Armor, lore=[NIJ Level III Body Armor.], enchants={PROTECTION_PROJECTILE=2}, internal=H4sIAAAAAAAA/3XMQQrCMBBG4b+kSloQ0Tu49Q5FFxWsLqQHGOtoA00iyRS8j2fwfqYbdy4fPL4SKLCuRIK5jsKNv5m74RBLAJmCbtvDvvFRkG12CsWUR6ap3x+FeWX96CS9S438MnjBrOs5isbiZ57IMlYPdhxMt7X0qpkG6ZN2fnIgMd4lAAn4cwJfTTWUJKYAAAA=} x 3, IRON_BARDING & UNSPECIFIC_META:{meta-type=UNSPECIFIC, display-name=§eM4A1 Carbine§e ▪ «30», lore=[§eThe best commie-killer around!, §eSpray bullets at your enemy.]} x 4, DIAMOND & UNSPECIFIC_META:{meta-type=UNSPECIFIC, display-name=§eTrinket§e «?», lore=[§eLeft-click to set the owner., §eExplodes when:, §e- picked up, §e- shot out of a dispenser, §e- a chest containing this item is opened, §e- placed in an item frame, and nearby, §e ...pressure plates are stepped on., §e§oOwners cannot trigger their own traps.]} x 2, DIAMOND_CHESTPLATE & UNSPECIFIC_META:{meta-type=UNSPECIFIC, display-name=Level III+ Body Armor, lore=[NIJ Level III+ Body Armor.], enchants={PROTECTION_PROJECTILE=2}, internal=H4sIAAAAAAAA/3XMQQrCMBBG4b9GJS24sAfxDgUXCq0upAeIdbQDTWKTKbjxPp7NUxg37lw+eHwFkKOsRAKfJ6HGX/jKFGIBIFPQbbvfNj4KsvGtkH+zJpN69noqLCvrJyfpLTXmp8ELFl1PUTRWP/NgLGF9I0eBu401jx2ZQfqkHe8UjLB3CUAC/pzAB7Txa7qmAAAA} x 2, WORKBENCH x 1, IRON_BARDING & UNSPECIFIC_META:{meta-type=UNSPECIFIC, display-name=§eDesert Eagle§e «3 | 7», lore=[§eDual pistols., §eLeft/right click to shoot., §eShoot enemies in the back, §efor bonus backstab damage.]} x 1, IRON_BARDING & UNSPECIFIC_META:{meta-type=UNSPECIFIC, display-name=§eDesert Eagle§e «7 | 0», lore=[§eDual pistols., §eLeft/right click to shoot., §eShoot enemies in the back, §efor bonus backstab damage.]} x 1, IRON_SWORD & UNSPECIFIC_META:{meta-type=UNSPECIFIC, display-name=§eRiot Shield§e, lore=[§eBlocks all melee and ranged attacks., §eIneffective against attacks from behind.]} x 2, REDSTONE_TORCH_ON & UNSPECIFIC_META:{meta-type=UNSPECIFIC, display-name=§eHarrier Strike§e, lore=[§eCalls in an airstrike at the, §eposition of the thrown flare.]} x 1, IRON_BARDING & UNSPECIFIC_META:{meta-type=UNSPECIFIC, display-name=§eAK-47§e ▪ «13», lore=[§eFully automatic with high power., §eEffective at medium range., §eControls are inverted.]} x 1, INK_SACK & UNSPECIFIC_META:{meta-type=UNSPECIFIC, display-name=§eCocoPops§e, lore=[§eA cluster bomb that releases, §e10 bomblets upon detonation.]} x 3, IRON_BARDING & UNSPECIFIC_META:{meta-type=UNSPECIFIC, display-name=§eAK-47§e ▪ «30», lore=[§eFully automatic with high power., §eEffective at medium range., §eControls are inverted.]} x 2, CHEST x 7, IRON_BARDING & UNSPECIFIC_META:{meta-type=UNSPECIFIC, display-name=§eM4A1 Carbine§e ▪ «12», lore=[§eThe best commie-killer around!, §eSpray bullets at your enemy.]} x 1, IRON_BARDING & UNSPECIFIC_META:{meta-type=UNSPECIFIC, display-name=§eM249 SAW§e ▪ «152», lore=[§e'MURICA]} x 1]
Target        : Noodle_pie
[2024-01-12 15:34:39] [INFO]:
Spectator UUID: 2cd59c51-67c2-3336-bb19-566d723b0085
Spectator Name: bluecherry_
Taken         : []
Given         : [IRON_ORE x 4, DIRT x 19, DIAMOND_CHESTPLATE & UNSPECIFIC_META:{meta-type=UNSPECIFIC, display-name=Level II Body Armor, lore=[NIJ Level II Body Armor.], enchants={PROTECTION_PROJECTILE=1}, internal=H4sIAAAAAAAA/+NiYOBkEHIsKSnKTCotSfXNT8lMy0wtKuZiYGBgZGbgCA31dPHNLy5hYFh0lZmBE8T1SU0E8hlvHmFmYHPMzS/NA0oysHIwsATn5JcwsCZnpBaXcDDwws30S8xNZRBMT81LLcpM1stNrPBITcwpyQCa5l+QWpRYkpmfBzSAAWgADpUMDABV5wJrpgAAAA==} x 1, IRON_BARDING & UNSPECIFIC_META:{meta-type=UNSPECIFIC, display-name=§eM4A1 Carbine§e ▪ «21», lore=[§eThe best commie-killer around!, §eSpray bullets at your enemy.]} x 1, IRON_BARDING & UNSPECIFIC_META:{meta-type=UNSPECIFIC, display-name=§eDesert Eagle§e «7 | 7», lore=[§eDual pistols., §eLeft/right click to shoot., §eShoot enemies in the back, §efor bonus backstab damage.]} x 6, LEVER & UNSPECIFIC_META:{meta-type=UNSPECIFIC, display-name=§eC4§e «2», lore=[§eRemote explosives., §eRight click to place., §eLeft click to detonate.]} x 2, DIAMOND_CHESTPLATE & UNSPECIFIC_META:{meta-type=UNSPECIFIC, display-name=Level IIIA Body Armor, lore=[NIJ Level IIIA Body Armor.], enchants={PROTECTION_PROJECTILE=1}, internal=H4sIAAAAAAAA/3XMQQrCMBSE4SmpkgZc6M5LiFcouLBgdaE9wLM+baBJJHkFT+GZjRt3Ln9m+AxQYVWLRHudhNtws3fLMRkAhYLuumbXhiTAZatQffPAlLt4rxXmtQuTzyOMRnkeg2DWD5xEY/Ezj+QYywd7jrbfOHrtmUYZsnZ6ciSxwWcAGfjzBD7FWsijpgAAAA==} x 1, IRON_BARDING & UNSPECIFIC_META:{meta-type=UNSPECIFIC, display-name=§eDesert Eagle§e «0 | 5», lore=[§eDual pistols., §eLeft/right click to shoot., §eShoot enemies in the back, §efor bonus backstab damage.]} x 1, DIAMOND_CHESTPLATE & UNSPECIFIC_META:{meta-type=UNSPECIFIC, display-name=Level III Body Armor, lore=[NIJ Level III Body Armor.], enchants={PROTECTION_PROJECTILE=2}, internal=H4sIAAAAAAAA/3XMQQrCMBBG4b+kSloQ0Tu49Q5FFxWsLqQHGOtoA00iyRS8j2fwfqYbdy4fPL4SKLCuRIK5jsKNv5m74RBLAJmCbtvDvvFRkG12CsWUR6ap3x+FeWX96CS9S438MnjBrOs5isbiZ57IMlYPdhxMt7X0qpkG6ZN2fnIgMd4lAAn4cwJfTTWUJKYAAAA=} x 3, IRON_BARDING & UNSPECIFIC_META:{meta-type=UNSPECIFIC, display-name=§eM4A1 Carbine§e ▪ «30», lore=[§eThe best commie-killer around!, §eSpray bullets at your enemy.]} x 4, DIAMOND & UNSPECIFIC_META:{meta-type=UNSPECIFIC, display-name=§eTrinket§e «?», lore=[§eLeft-click to set the owner., §eExplodes when:, §e- picked up, §e- shot out of a dispenser, §e- a chest containing this item is opened, §e- placed in an item frame, and nearby, §e ...pressure plates are stepped on., §e§oOwners cannot trigger their own traps.]} x 2, DIAMOND_CHESTPLATE & UNSPECIFIC_META:{meta-type=UNSPECIFIC, display-name=Level III+ Body Armor, lore=[NIJ Level III+ Body Armor.], enchants={PROTECTION_PROJECTILE=2}, internal=H4sIAAAAAAAA/3XMQQrCMBBG4b9GJS24sAfxDgUXCq0upAeIdbQDTWKTKbjxPp7NUxg37lw+eHwFkKOsRAKfJ6HGX/jKFGIBIFPQbbvfNj4KsvGtkH+zJpN69noqLCvrJyfpLTXmp8ELFl1PUTRWP/NgLGF9I0eBu401jx2ZQfqkHe8UjLB3CUAC/pzAB7Txa7qmAAAA} x 2, WORKBENCH x 1, IRON_BARDING & UNSPECIFIC_META:{meta-type=UNSPECIFIC, display-name=§eDesert Eagle§e «3 | 7», lore=[§eDual pistols., §eLeft/right click to shoot., §eShoot enemies in the back, §efor bonus backstab damage.]} x 1, IRON_BARDING & UNSPECIFIC_META:{meta-type=UNSPECIFIC, display-name=§eDesert Eagle§e «7 | 0», lore=[§eDual pistols., §eLeft/right click to shoot., §eShoot enemies in the back, §efor bonus backstab damage.]} x 1, IRON_SWORD & UNSPECIFIC_META:{meta-type=UNSPECIFIC, display-name=§eRiot Shield§e, lore=[§eBlocks all melee and ranged attacks., §eIneffective against attacks from behind.]} x 2, REDSTONE_TORCH_ON & UNSPECIFIC_META:{meta-type=UNSPECIFIC, display-name=§eHarrier Strike§e, lore=[§eCalls in an airstrike at the, §eposition of the thrown flare.]} x 1, IRON_BARDING & UNSPECIFIC_META:{meta-type=UNSPECIFIC, display-name=§eAK-47§e ▪ «13», lore=[§eFully automatic with high power., §eEffective at medium range., §eControls are inverted.]} x 1, INK_SACK & UNSPECIFIC_META:{meta-type=UNSPECIFIC, display-name=§eCocoPops§e, lore=[§eA cluster bomb that releases, §e10 bomblets upon detonation.]} x 3, IRON_BARDING & UNSPECIFIC_META:{meta-type=UNSPECIFIC, display-name=§eAK-47§e ▪ «30», lore=[§eFully automatic with high power., §eEffective at medium range., §eControls are inverted.]} x 2, CHEST x 7, IRON_BARDING & UNSPECIFIC_META:{meta-type=UNSPECIFIC, display-name=§eM4A1 Carbine§e ▪ «12», lore=[§eThe best commie-killer around!, §eSpray bullets at your enemy.]} x 1, IRON_BARDING & UNSPECIFIC_META:{meta-type=UNSPECIFIC, display-name=§eM249 SAW§e ▪ «152», lore=[§e'MURICA]} x 1]
Target        : Noodle_pie
[2024-01-12 15:35:12] [INFO]:
Spectator UUID: 2cd59c51-67c2-3336-bb19-566d723b0085
Spectator Name: bluecherry_
Taken         : [IRON_BARDING & UNSPECIFIC_META:{meta-type=UNSPECIFIC, display-name=§eDesert Eagle§e «7 | 7», lore=[§eDual pistols., §eLeft/right click to shoot., §eShoot enemies in the back, §efor bonus backstab damage.]} x 6, DIAMOND_CHESTPLATE & UNSPECIFIC_META:{meta-type=UNSPECIFIC, display-name=Level III Body Armor, lore=[NIJ Level III Body Armor.], enchants={PROTECTION_PROJECTILE=2}, internal=H4sIAAAAAAAA/3XMQQrCMBBG4b+kSloQ0Tu49Q5FFxWsLqQHGOtoA00iyRS8j2fwfqYbdy4fPL4SKLCuRIK5jsKNv5m74RBLAJmCbtvDvvFRkG12CsWUR6ap3x+FeWX96CS9S438MnjBrOs5isbiZ57IMlYPdhxMt7X0qpkG6ZN2fnIgMd4lAAn4cwJfTTWUJKYAAAA=} x 3, IRON_BARDING & UNSPECIFIC_META:{meta-type=UNSPECIFIC, display-name=§eM249 SAW§e ▪ «152», lore=[§e'MURICA]} x 1, CHEST x 7, IRON_SWORD & UNSPECIFIC_META:{meta-type=UNSPECIFIC, display-name=§eRiot Shield§e, lore=[§eBlocks all melee and ranged attacks., §eIneffective against attacks from behind.]} x 2, DIAMOND_CHESTPLATE & UNSPECIFIC_META:{meta-type=UNSPECIFIC, display-name=Level III+ Body Armor, lore=[NIJ Level III+ Body Armor.], enchants={PROTECTION_PROJECTILE=2}, internal=H4sIAAAAAAAA/3XMQQrCMBBG4b9GJS24sAfxDgUXCq0upAeIdbQDTWKTKbjxPp7NUxg37lw+eHwFkKOsRAKfJ6HGX/jKFGIBIFPQbbvfNj4KsvGtkH+zJpN69noqLCvrJyfpLTXmp8ELFl1PUTRWP/NgLGF9I0eBu401jx2ZQfqkHe8UjLB3CUAC/pzAB7Txa7qmAAAA} x 2, IRON_BARDING & UNSPECIFIC_META:{meta-type=UNSPECIFIC, display-name=§eM4A1 Carbine§e ▪ «30», lore=[§eThe best commie-killer around!, §eSpray bullets at your enemy.]} x 4, IRON_BARDING & UNSPECIFIC_META:{meta-type=UNSPECIFIC, display-name=§eAK-47§e ▪ «30», lore=[§eFully automatic with high power., §eEffective at medium range., §eControls are inverted.]} x 2, DIAMOND & UNSPECIFIC_META:{meta-type=UNSPECIFIC, display-name=§eTrinket§e «?», lore=[§eLeft-click to set the owner., §eExplodes when:, §e- picked up, §e- shot out of a dispenser, §e- a chest containing this item is opened, §e- placed in an item frame, and nearby, §e ...pressure plates are stepped on., §e§oOwners cannot trigger their own traps.]} x 2, DIAMOND_CHESTPLATE & UNSPECIFIC_META:{meta-type=UNSPECIFIC, display-name=Level II Body Armor, lore=[NIJ Level II Body Armor.], enchants={PROTECTION_PROJECTILE=1}, internal=H4sIAAAAAAAA/+NiYOBkEHIsKSnKTCotSfXNT8lMy0wtKuZiYGBgZGbgCA31dPHNLy5hYFh0lZmBE8T1SU0E8hlvHmFmYHPMzS/NA0oysHIwsATn5JcwsCZnpBaXcDDwws30S8xNZRBMT81LLcpM1stNrPBITcwpyQCa5l+QWpRYkpmfBzSAAWgADpUMDABV5wJrpgAAAA==} x 1, DIRT x 19, IRON_ORE x 4, IRON_BARDING & UNSPECIFIC_META:{meta-type=UNSPECIFIC, display-name=§eM4A1 Carbine§e ▪ «21», lore=[§eThe best commie-killer around!, §eSpray bullets at your enemy.]} x 1, REDSTONE_TORCH_ON & UNSPECIFIC_META:{meta-type=UNSPECIFIC, display-name=§eHarrier Strike§e, lore=[§eCalls in an airstrike at the, §eposition of the thrown flare.]} x 1, WORKBENCH x 1, IRON_BARDING & UNSPECIFIC_META:{meta-type=UNSPECIFIC, display-name=§eM4A1 Carbine§e ▪ «12», lore=[§eThe best commie-killer around!, §eSpray bullets at your enemy.]} x 1, IRON_BARDING & UNSPECIFIC_META:{meta-type=UNSPECIFIC, display-name=§eAK-47§e ▪ «13», lore=[§eFully automatic with high power., §eEffective at medium range., §eControls are inverted.]} x 1, IRON_BARDING & UNSPECIFIC_META:{meta-type=UNSPECIFIC, display-name=§eDesert Eagle§e «3 | 7», lore=[§eDual pistols., §eLeft/right click to shoot., §eShoot enemies in the back, §efor bonus backstab damage.]} x 1, INK_SACK & UNSPECIFIC_META:{meta-type=UNSPECIFIC, display-name=§eCocoPops§e, lore=[§eA cluster bomb that releases, §e10 bomblets upon detonation.]} x 3, IRON_BARDING & UNSPECIFIC_META:{meta-type=UNSPECIFIC, display-name=§eDesert Eagle§e «7 | 0», lore=[§eDual pistols., §eLeft/right click to shoot., §eShoot enemies in the back, §efor bonus backstab damage.]} x 1, IRON_BARDING & UNSPECIFIC_META:{meta-type=UNSPECIFIC, display-name=§eDesert Eagle§e «0 | 5», lore=[§eDual pistols., §eLeft/right click to shoot., §eShoot enemies in the back, §efor bonus backstab damage.]} x 1, DIAMOND_CHESTPLATE & UNSPECIFIC_META:{meta-type=UNSPECIFIC, display-name=Level IIIA Body Armor, lore=[NIJ Level IIIA Body Armor.], enchants={PROTECTION_PROJECTILE=1}, internal=H4sIAAAAAAAA/3XMQQrCMBSE4SmpkgZc6M5LiFcouLBgdaE9wLM+baBJJHkFT+GZjRt3Ln9m+AxQYVWLRHudhNtws3fLMRkAhYLuumbXhiTAZatQffPAlLt4rxXmtQuTzyOMRnkeg2DWD5xEY/Ezj+QYywd7jrbfOHrtmUYZsnZ6ciSxwWcAGfjzBD7FWsijpgAAAA==} x 1, LEVER & UNSPECIFIC_META:{meta-type=UNSPECIFIC, display-name=§eC4§e «2», lore=[§eRemote explosives., §eRight click to place., §eLeft click to detonate.]} x 2]
Given         : []
Target        : Noodle_pie
[2024-01-12 15:35:12] [INFO]:
Spectator UUID: 2cd59c51-67c2-3336-bb19-566d723b0085
Spectator Name: bluecherry_
Taken         : [IRON_BARDING & UNSPECIFIC_META:{meta-type=UNSPECIFIC, display-name=§eDesert Eagle§e «7 | 7», lore=[§eDual pistols., §eLeft/right click to shoot., §eShoot enemies in the back, §efor bonus backstab damage.]} x 6, DIAMOND_CHESTPLATE & UNSPECIFIC_META:{meta-type=UNSPECIFIC, display-name=Level III Body Armor, lore=[NIJ Level III Body Armor.], enchants={PROTECTION_PROJECTILE=2}, internal=H4sIAAAAAAAA/3XMQQrCMBBG4b+kSloQ0Tu49Q5FFxWsLqQHGOtoA00iyRS8j2fwfqYbdy4fPL4SKLCuRIK5jsKNv5m74RBLAJmCbtvDvvFRkG12CsWUR6ap3x+FeWX96CS9S438MnjBrOs5isbiZ57IMlYPdhxMt7X0qpkG6ZN2fnIgMd4lAAn4cwJfTTWUJKYAAAA=} x 3, IRON_BARDING & UNSPECIFIC_META:{meta-type=UNSPECIFIC, display-name=§eM249 SAW§e ▪ «152», lore=[§e'MURICA]} x 1, CHEST x 7, IRON_SWORD & UNSPECIFIC_META:{meta-type=UNSPECIFIC, display-name=§eRiot Shield§e, lore=[§eBlocks all melee and ranged attacks., §eIneffective against attacks from behind.]} x 2, DIAMOND_CHESTPLATE & UNSPECIFIC_META:{meta-type=UNSPECIFIC, display-name=Level III+ Body Armor, lore=[NIJ Level III+ Body Armor.], enchants={PROTECTION_PROJECTILE=2}, internal=H4sIAAAAAAAA/3XMQQrCMBBG4b9GJS24sAfxDgUXCq0upAeIdbQDTWKTKbjxPp7NUxg37lw+eHwFkKOsRAKfJ6HGX/jKFGIBIFPQbbvfNj4KsvGtkH+zJpN69noqLCvrJyfpLTXmp8ELFl1PUTRWP/NgLGF9I0eBu401jx2ZQfqkHe8UjLB3CUAC/pzAB7Txa7qmAAAA} x 2, IRON_BARDING & UNSPECIFIC_META:{meta-type=UNSPECIFIC, display-name=§eM4A1 Carbine§e ▪ «30», lore=[§eThe best commie-killer around!, §eSpray bullets at your enemy.]} x 4, IRON_BARDING & UNSPECIFIC_META:{meta-type=UNSPECIFIC, display-name=§eAK-47§e ▪ «30», lore=[§eFully automatic with high power., §eEffective at medium range., §eControls are inverted.]} x 2, DIAMOND & UNSPECIFIC_META:{meta-type=UNSPECIFIC, display-name=§eTrinket§e «?», lore=[§eLeft-click to set the owner., §eExplodes when:, §e- picked up, §e- shot out of a dispenser, §e- a chest containing this item is opened, §e- placed in an item frame, and nearby, §e ...pressure plates are stepped on., §e§oOwners cannot trigger their own traps.]} x 2, DIAMOND_CHESTPLATE & UNSPECIFIC_META:{meta-type=UNSPECIFIC, display-name=Level II Body Armor, lore=[NIJ Level II Body Armor.], enchants={PROTECTION_PROJECTILE=1}, internal=H4sIAAAAAAAA/+NiYOBkEHIsKSnKTCotSfXNT8lMy0wtKuZiYGBgZGbgCA31dPHNLy5hYFh0lZmBE8T1SU0E8hlvHmFmYHPMzS/NA0oysHIwsATn5JcwsCZnpBaXcDDwws30S8xNZRBMT81LLcpM1stNrPBITcwpyQCa5l+QWpRYkpmfBzSAAWgADpUMDABV5wJrpgAAAA==} x 1, DIRT x 19, IRON_ORE x 4, IRON_BARDING & UNSPECIFIC_META:{meta-type=UNSPECIFIC, display-name=§eM4A1 Carbine§e ▪ «21», lore=[§eThe best commie-killer around!, §eSpray bullets at your enemy.]} x 1, REDSTONE_TORCH_ON & UNSPECIFIC_META:{meta-type=UNSPECIFIC, display-name=§eHarrier Strike§e, lore=[§eCalls in an airstrike at the, §eposition of the thrown flare.]} x 1, WORKBENCH x 1, IRON_BARDING & UNSPECIFIC_META:{meta-type=UNSPECIFIC, display-name=§eM4A1 Carbine§e ▪ «12», lore=[§eThe best commie-killer around!, §eSpray bullets at your enemy.]} x 1, IRON_BARDING & UNSPECIFIC_META:{meta-type=UNSPECIFIC, display-name=§eAK-47§e ▪ «13», lore=[§eFully automatic with high power., §eEffective at medium range., §eControls are inverted.]} x 1, IRON_BARDING & UNSPECIFIC_META:{meta-type=UNSPECIFIC, display-name=§eDesert Eagle§e «3 | 7», lore=[§eDual pistols., §eLeft/right click to shoot., §eShoot enemies in the back, §efor bonus backstab damage.]} x 1, INK_SACK & UNSPECIFIC_META:{meta-type=UNSPECIFIC, display-name=§eCocoPops§e, lore=[§eA cluster bomb that releases, §e10 bomblets upon detonation.]} x 3, IRON_BARDING & UNSPECIFIC_META:{meta-type=UNSPECIFIC, display-name=§eDesert Eagle§e «7 | 0», lore=[§eDual pistols., §eLeft/right click to shoot., §eShoot enemies in the back, §efor bonus backstab damage.]} x 1, IRON_BARDING & UNSPECIFIC_META:{meta-type=UNSPECIFIC, display-name=§eDesert Eagle§e «0 | 5», lore=[§eDual pistols., §eLeft/right click to shoot., §eShoot enemies in the back, §efor bonus backstab damage.]} x 1, DIAMOND_CHESTPLATE & UNSPECIFIC_META:{meta-type=UNSPECIFIC, display-name=Level IIIA Body Armor, lore=[NIJ Level IIIA Body Armor.], enchants={PROTECTION_PROJECTILE=1}, internal=H4sIAAAAAAAA/3XMQQrCMBSE4SmpkgZc6M5LiFcouLBgdaE9wLM+baBJJHkFT+GZjRt3Ln9m+AxQYVWLRHudhNtws3fLMRkAhYLuumbXhiTAZatQffPAlLt4rxXmtQuTzyOMRnkeg2DWD5xEY/Ezj+QYywd7jrbfOHrtmUYZsnZ6ciSxwWcAGfjzBD7FWsijpgAAAA==} x 1, LEVER & UNSPECIFIC_META:{meta-type=UNSPECIFIC, display-name=§eC4§e «2», lore=[§eRemote explosives., §eRight click to place., §eLeft click to detonate.]} x 2]
Given         : []
Target        : Noodle_pie
[2024-01-12 15:35:12] [INFO]:
Spectator UUID: 2cd59c51-67c2-3336-bb19-566d723b0085
Spectator Name: bluecherry_
Taken         : [IRON_BARDING & UNSPECIFIC_META:{meta-type=UNSPECIFIC, display-name=§eDesert Eagle§e «7 | 7», lore=[§eDual pistols., §eLeft/right click to shoot., §eShoot enemies in the back, §efor bonus backstab damage.]} x 6, DIAMOND_CHESTPLATE & UNSPECIFIC_META:{meta-type=UNSPECIFIC, display-name=Level III Body Armor, lore=[NIJ Level III Body Armor.], enchants={PROTECTION_PROJECTILE=2}, internal=H4sIAAAAAAAA/3XMQQrCMBBG4b+kSloQ0Tu49Q5FFxWsLqQHGOtoA00iyRS8j2fwfqYbdy4fPL4SKLCuRIK5jsKNv5m74RBLAJmCbtvDvvFRkG12CsWUR6ap3x+FeWX96CS9S438MnjBrOs5isbiZ57IMlYPdhxMt7X0qpkG6ZN2fnIgMd4lAAn4cwJfTTWUJKYAAAA=} x 3, IRON_BARDING & UNSPECIFIC_META:{meta-type=UNSPECIFIC, display-name=§eM249 SAW§e ▪ «152», lore=[§e'MURICA]} x 1, CHEST x 7, IRON_SWORD & UNSPECIFIC_META:{meta-type=UNSPECIFIC, display-name=§eRiot Shield§e, lore=[§eBlocks all melee and ranged attacks., §eIneffective against attacks from behind.]} x 2, DIAMOND_CHESTPLATE & UNSPECIFIC_META:{meta-type=UNSPECIFIC, display-name=Level III+ Body Armor, lore=[NIJ Level III+ Body Armor.], enchants={PROTECTION_PROJECTILE=2}, internal=H4sIAAAAAAAA/3XMQQrCMBBG4b9GJS24sAfxDgUXCq0upAeIdbQDTWKTKbjxPp7NUxg37lw+eHwFkKOsRAKfJ6HGX/jKFGIBIFPQbbvfNj4KsvGtkH+zJpN69noqLCvrJyfpLTXmp8ELFl1PUTRWP/NgLGF9I0eBu401jx2ZQfqkHe8UjLB3CUAC/pzAB7Txa7qmAAAA} x 2, IRON_BARDING & UNSPECIFIC_META:{meta-type=UNSPECIFIC, display-name=§eM4A1 Carbine§e ▪ «30», lore=[§eThe best commie-killer around!, §eSpray bullets at your enemy.]} x 4, IRON_BARDING & UNSPECIFIC_META:{meta-type=UNSPECIFIC, display-name=§eAK-47§e ▪ «30», lore=[§eFully automatic with high power., §eEffective at medium range., §eControls are inverted.]} x 2, DIAMOND & UNSPECIFIC_META:{meta-type=UNSPECIFIC, display-name=§eTrinket§e «?», lore=[§eLeft-click to set the owner., §eExplodes when:, §e- picked up, §e- shot out of a dispenser, §e- a chest containing this item is opened, §e- placed in an item frame, and nearby, §e ...pressure plates are stepped on., §e§oOwners cannot trigger their own traps.]} x 2, DIAMOND_CHESTPLATE & UNSPECIFIC_META:{meta-type=UNSPECIFIC, display-name=Level II Body Armor, lore=[NIJ Level II Body Armor.], enchants={PROTECTION_PROJECTILE=1}, internal=H4sIAAAAAAAA/+NiYOBkEHIsKSnKTCotSfXNT8lMy0wtKuZiYGBgZGbgCA31dPHNLy5hYFh0lZmBE8T1SU0E8hlvHmFmYHPMzS/NA0oysHIwsATn5JcwsCZnpBaXcDDwws30S8xNZRBMT81LLcpM1stNrPBITcwpyQCa5l+QWpRYkpmfBzSAAWgADpUMDABV5wJrpgAAAA==} x 1, DIRT x 19, IRON_ORE x 4, IRON_BARDING & UNSPECIFIC_META:{meta-type=UNSPECIFIC, display-name=§eM4A1 Carbine§e ▪ «21», lore=[§eThe best commie-killer around!, §eSpray bullets at your enemy.]} x 1, REDSTONE_TORCH_ON & UNSPECIFIC_META:{meta-type=UNSPECIFIC, display-name=§eHarrier Strike§e, lore=[§eCalls in an airstrike at the, §eposition of the thrown flare.]} x 1, WORKBENCH x 1, IRON_BARDING & UNSPECIFIC_META:{meta-type=UNSPECIFIC, display-name=§eM4A1 Carbine§e ▪ «12», lore=[§eThe best commie-killer around!, §eSpray bullets at your enemy.]} x 1, IRON_BARDING & UNSPECIFIC_META:{meta-type=UNSPECIFIC, display-name=§eAK-47§e ▪ «13», lore=[§eFully automatic with high power., §eEffective at medium range., §eControls are inverted.]} x 1, IRON_BARDING & UNSPECIFIC_META:{meta-type=UNSPECIFIC, display-name=§eDesert Eagle§e «3 | 7», lore=[§eDual pistols., §eLeft/right click to shoot., §eShoot enemies in the back, §efor bonus backstab damage.]} x 1, INK_SACK & UNSPECIFIC_META:{meta-type=UNSPECIFIC, display-name=§eCocoPops§e, lore=[§eA cluster bomb that releases, §e10 bomblets upon detonation.]} x 3, IRON_BARDING & UNSPECIFIC_META:{meta-type=UNSPECIFIC, display-name=§eDesert Eagle§e «7 | 0», lore=[§eDual pistols., §eLeft/right click to shoot., §eShoot enemies in the back, §efor bonus backstab damage.]} x 1, IRON_BARDING & UNSPECIFIC_META:{meta-type=UNSPECIFIC, display-name=§eDesert Eagle§e «0 | 5», lore=[§eDual pistols., §eLeft/right click to shoot., §eShoot enemies in the back, §efor bonus backstab damage.]} x 1, DIAMOND_CHESTPLATE & UNSPECIFIC_META:{meta-type=UNSPECIFIC, display-name=Level IIIA Body Armor, lore=[NIJ Level IIIA Body Armor.], enchants={PROTECTION_PROJECTILE=1}, internal=H4sIAAAAAAAA/3XMQQrCMBSE4SmpkgZc6M5LiFcouLBgdaE9wLM+baBJJHkFT+GZjRt3Ln9m+AxQYVWLRHudhNtws3fLMRkAhYLuumbXhiTAZatQffPAlLt4rxXmtQuTzyOMRnkeg2DWD5xEY/Ezj+QYywd7jrbfOHrtmUYZsnZ6ciSxwWcAGfjzBD7FWsijpgAAAA==} x 1, LEVER & UNSPECIFIC_META:{meta-type=UNSPECIFIC, display-name=§eC4§e «2», lore=[§eRemote explosives., §eRight click to place., §eLeft click to detonate.]} x 2]
Given         : []
Target        : Noodle_pie
[2024-01-12 15:37:31] [INFO]:
Spectator UUID: 2cd59c51-67c2-3336-bb19-566d723b0085
Spectator Name: bluecherry_
Taken         : []
Given         : [LEVER & UNSPECIFIC_META:{meta-type=UNSPECIFIC, display-name=§eC4§e «2», lore=[§eRemote explosives., §eRight click to place., §eLeft click to detonate.]} x 2, IRON_BARDING & UNSPECIFIC_META:{meta-type=UNSPECIFIC, display-name=§eDesert Eagle§e «7 | 7», lore=[§eDual pistols., §eLeft/right click to shoot., §eShoot enemies in the back, §efor bonus backstab damage.]} x 6, IRON_BARDING & UNSPECIFIC_META:{meta-type=UNSPECIFIC, display-name=§eDesert Eagle§e «0 | 5», lore=[§eDual pistols., §eLeft/right click to shoot., §eShoot enemies in the back, §efor bonus backstab damage.]} x 1, INK_SACK & UNSPECIFIC_META:{meta-type=UNSPECIFIC, display-name=§eCocoPops§e, lore=[§eA cluster bomb that releases, §e10 bomblets upon detonation.]} x 3, IRON_BARDING & UNSPECIFIC_META:{meta-type=UNSPECIFIC, display-name=§eDesert Eagle§e «3 | 7», lore=[§eDual pistols., §eLeft/right click to shoot., §eShoot enemies in the back, §efor bonus backstab damage.]} x 1, IRON_BARDING & UNSPECIFIC_META:{meta-type=UNSPECIFIC, display-name=§eAK-47§e ▪ «13», lore=[§eFully automatic with high power., §eEffective at medium range., §eControls are inverted.]} x 1, IRON_BARDING & UNSPECIFIC_META:{meta-type=UNSPECIFIC, display-name=§eAK-47§e ▪ «30», lore=[§eFully automatic with high power., §eEffective at medium range., §eControls are inverted.]} x 2, IRON_BARDING & UNSPECIFIC_META:{meta-type=UNSPECIFIC, display-name=§eM4A1 Carbine§e ▪ «30», lore=[§eThe best commie-killer around!, §eSpray bullets at your enemy.]} x 4, IRON_BARDING & UNSPECIFIC_META:{meta-type=UNSPECIFIC, display-name=§eM4A1 Carbine§e ▪ «12», lore=[§eThe best commie-killer around!, §eSpray bullets at your enemy.]} x 1, IRON_BARDING & UNSPECIFIC_META:{meta-type=UNSPECIFIC, display-name=§eM4A1 Carbine§e ▪ «21», lore=[§eThe best commie-killer around!, §eSpray bullets at your enemy.]} x 1, IRON_SWORD & UNSPECIFIC_META:{meta-type=UNSPECIFIC, display-name=§eRiot Shield§e, lore=[§eBlocks all melee and ranged attacks., §eIneffective against attacks from behind.]} x 2, IRON_ORE x 4, WORKBENCH x 1, DIRT x 19, DIAMOND_CHESTPLATE & UNSPECIFIC_META:{meta-type=UNSPECIFIC, display-name=Level III+ Body Armor, lore=[NIJ Level III+ Body Armor.], enchants={PROTECTION_PROJECTILE=2}, internal=H4sIAAAAAAAA/3XMQQrCMBBG4b9GJS24sAfxDgUXCq0upAeIdbQDTWKTKbjxPp7NUxg37lw+eHwFkKOsRAKfJ6HGX/jKFGIBIFPQbbvfNj4KsvGtkH+zJpN69noqLCvrJyfpLTXmp8ELFl1PUTRWP/NgLGF9I0eBu401jx2ZQfqkHe8UjLB3CUAC/pzAB7Txa7qmAAAA} x 2, IRON_BARDING & UNSPECIFIC_META:{meta-type=UNSPECIFIC, display-name=§eDesert Eagle§e «7 | 0», lore=[§eDual pistols., §eLeft/right click to shoot., §eShoot enemies in the back, §efor bonus backstab damage.]} x 1, DIAMOND & UNSPECIFIC_META:{meta-type=UNSPECIFIC, display-name=§eTrinket§e «?», lore=[§eLeft-click to set the owner., §eExplodes when:, §e- picked up, §e- shot out of a dispenser, §e- a chest containing this item is opened, §e- placed in an item frame, and nearby, §e ...pressure plates are stepped on., §e§oOwners cannot trigger their own traps.]} x 2, DIAMOND_CHESTPLATE & UNSPECIFIC_META:{meta-type=UNSPECIFIC, display-name=Level III Body Armor, lore=[NIJ Level III Body Armor.], enchants={PROTECTION_PROJECTILE=2}, internal=H4sIAAAAAAAA/3XMQQrCMBBG4b+kSloQ0Tu49Q5FFxWsLqQHGOtoA00iyRS8j2fwfqYbdy4fPL4SKLCuRIK5jsKNv5m74RBLAJmCbtvDvvFRkG12CsWUR6ap3x+FeWX96CS9S438MnjBrOs5isbiZ57IMlYPdhxMt7X0qpkG6ZN2fnIgMd4lAAn4cwJfTTWUJKYAAAA=} x 3, IRON_BARDING & UNSPECIFIC_META:{meta-type=UNSPECIFIC, display-name=§eM249 SAW§e ▪ «152», lore=[§e'MURICA]} x 1, CHEST x 7, DIAMOND_CHESTPLATE & UNSPECIFIC_META:{meta-type=UNSPECIFIC, display-name=Level II Body Armor, lore=[NIJ Level II Body Armor.], enchants={PROTECTION_PROJECTILE=1}, internal=H4sIAAAAAAAA/+NiYOBkEHIsKSnKTCotSfXNT8lMy0wtKuZiYGBgZGbgCA31dPHNLy5hYFh0lZmBE8T1SU0E8hlvHmFmYHPMzS/NA0oysHIwsATn5JcwsCZnpBaXcDDwws30S8xNZRBMT81LLcpM1stNrPBITcwpyQCa5l+QWpRYkpmfBzSAAWgADpUMDABV5wJrpgAAAA==} x 1, REDSTONE_TORCH_ON & UNSPECIFIC_META:{meta-type=UNSPECIFIC, display-name=§eHarrier Strike§e, lore=[§eCalls in an airstrike at the, §eposition of the thrown flare.]} x 1, DIAMOND_CHESTPLATE & UNSPECIFIC_META:{meta-type=UNSPECIFIC, display-name=Level IIIA Body Armor, lore=[NIJ Level IIIA Body Armor.], enchants={PROTECTION_PROJECTILE=1}, internal=H4sIAAAAAAAA/3XMQQrCMBSE4SmpkgZc6M5LiFcouLBgdaE9wLM+baBJJHkFT+GZjRt3Ln9m+AxQYVWLRHudhNtws3fLMRkAhYLuumbXhiTAZatQffPAlLt4rxXmtQuTzyOMRnkeg2DWD5xEY/Ezj+QYywd7jrbfOHrtmUYZsnZ6ciSxwWcAGfjzBD7FWsijpgAAAA==} x 1]
Target        : The_boi_noodle
[2024-01-12 15:39:59] [INFO]:
Spectator UUID: 2cd59c51-67c2-3336-bb19-566d723b0085
Spectator Name: bluecherry_
Taken         : []
Given         : [IRON_BARDING & UNSPECIFIC_META:{meta-type=UNSPECIFIC, display-name=§eM249 SAW§e ▪ «152», lore=[§e'MURICA]} x 1]
Target        : The_boi_noodle
[2024-01-12 17:27:10] [INFO]:
Spectator UUID: 2cd59c51-67c2-3336-bb19-566d723b0085
Spectator Name: bluecherry_
Taken         : [DIAMOND_CHESTPLATE & UNSPECIFIC_META:{meta-type=UNSPECIFIC, display-name=Level III+ Body Armor, lore=[NIJ Level III+ Body Armor.], enchants={PROTECTION_PROJECTILE=2}, internal=H4sIAAAAAAAA/3XMQQrCMBBG4b9GJS24sAfxDgUXCq0upAeIdbQDTWKTKbjxPp7NUxg37lw+eHwFkKOsRAKfJ6HGX/jKFGIBIFPQbbvfNj4KsvGtkH+zJpN69noqLCvrJyfpLTXmp8ELFl1PUTRWP/NgLGF9I0eBu401jx2ZQfqkHe8UjLB3CUAC/pzAB7Txa7qmAAAA} x 1]
Given         : []
Target        : The_boi_noodle
[2024-01-12 17:27:14] [INFO]:
Spectator UUID: 2cd59c51-67c2-3336-bb19-566d723b0085
Spectator Name: bluecherry_
Taken         : []
Given         : [DIAMOND_CHESTPLATE & UNSPECIFIC_META:{meta-type=UNSPECIFIC, display-name=Level III+ Body Armor, lore=[NIJ Level III+ Body Armor.], enchants={PROTECTION_PROJECTILE=2}, internal=H4sIAAAAAAAA/3XMQQrCMBBG4b9GJS24sAfxDgUXCq0upAeIdbQDTWKTKbjxPp7NUxg37lw+eHwFkKOsRAKfJ6HGX/jKFGIBIFPQbbvfNj4KsvGtkH+zJpN69noqLCvrJyfpLTXmp8ELFl1PUTRWP/NgLGF9I0eBu401jx2ZQfqkHe8UjLB3CUAC/pzAB7Txa7qmAAAA} x 1]
Target        : The_boi_noodle
[2024-01-12 17:27:14] [INFO]:
Spectator UUID: 2cd59c51-67c2-3336-bb19-566d723b0085
Spectator Name: bluecherry_
Taken         : []
Given         : [DIAMOND_CHESTPLATE & UNSPECIFIC_META:{meta-type=UNSPECIFIC, display-name=Level III+ Body Armor, lore=[NIJ Level III+ Body Armor.], enchants={PROTECTION_PROJECTILE=2}, internal=H4sIAAAAAAAA/3XMQQrCMBBG4b9GJS24sAfxDgUXCq0upAeIdbQDTWKTKbjxPp7NUxg37lw+eHwFkKOsRAKfJ6HGX/jKFGIBIFPQbbvfNj4KsvGtkH+zJpN69noqLCvrJyfpLTXmp8ELFl1PUTRWP/NgLGF9I0eBu401jx2ZQfqkHe8UjLB3CUAC/pzAB7Txa7qmAAAA} x 1]
Target        : The_boi_noodle
